<?xml version="1.0" encoding="UTF-8"?>
<!-- Generated by org.testng.reporters.JUnitReportReporter -->
<testsuite hostname="abc-PC" name="com.jbk.test.LoginTestCases" tests="5" failures="0" timestamp="1 Sep 2020 09:23:52 GMT" time="82.925" errors="0">
  <testcase name="checkNavigationBetRegPageAndLogin" time="16.420" classname="com.jbk.test.LoginTestCases"/>
  <testcase name="checkTitle" time="20.138" classname="com.jbk.test.LoginTestCases"/>
  <testcase name="checkHeading" time="13.600" classname="com.jbk.test.LoginTestCases"/>
  <testcase name="checkLoginBoxMsg" time="16.486" classname="com.jbk.test.LoginTestCases"/>
  <testcase name="validateInvalidLoginCred" time="16.281" classname="com.jbk.test.LoginTestCases"/>
</testsuite> <!-- com.jbk.test.LoginTestCases -->
